<?xml version="1.0" encoding="UTF-8"?>
<!-- Generated by org.testng.reporters.JUnitReportReporter -->
<testsuite ignored="0" hostname="MacBook-Pro-de-Jose.local" failures="0" tests="1" name="test.NewTest_TNG" time="14.831" errors="0" timestamp="26 may. 2023 20:51:28 GMT" skipped="0">
  <testcase classname="test.NewTest_TNG" name="f" time="14.831"/>
</testsuite> <!-- test.NewTest_TNG -->
